-------------------------------------------------------------------------------
Test set: com.tests.FirstTest
-------------------------------------------------------------------------------
Tests run: 1, Failures: 0, Errors: 1, Skipped: 0, Time elapsed: 5.298 s <<< FAILURE! - in com.tests.FirstTest
com.tests.FirstTest  Time elapsed: 5.296 s  <<< ERROR!
org.openqa.selenium.WebDriverException: 
Failed to create an instance of io.testproject.sdk.drivers.web.EdgeDriver
Build info: version: '3.141.59', revision: 'e82be7d358', time: '2018-11-14T08:17:03'
System info: host: 'LAPTOP-IVBBDUQD', ip: '172.31.96.1', os.name: 'Windows 10', os.arch: 'amd64', os.version: '10.0', java.version: '15.0.2'
Driver info: driver.version: unknown
	at com.tests.FirstTest.configure(FirstTest.java:32)
Caused by: java.lang.reflect.InvocationTargetException
	at com.tests.FirstTest.configure(FirstTest.java:32)
Caused by: java.lang.NoClassDefFoundError: org/testng/util/Strings
	at com.tests.FirstTest.configure(FirstTest.java:32)
Caused by: java.lang.ClassNotFoundException: org.testng.util.Strings
	at com.tests.FirstTest.configure(FirstTest.java:32)

